<?xml version="1.0" encoding="utf-8"?><testsuites name="pytest tests"><testsuite name="pytest" errors="0" failures="0" skipped="0" tests="33" time="35.754" timestamp="2026-04-17T14:25:28.459427+00:00" hostname="agent-env-86fb1aae-7a57-4b30-ae67-61b40cd1a409"><testcase classname="backend.tests.test_autovista_api.TestAuthEndpoints" name="test_login_success_test_user" time="1.394" /><testcase classname="backend.tests.test_autovista_api.TestAuthEndpoints" name="test_login_success_admin" time="0.960" /><testcase classname="backend.tests.test_autovista_api.TestAuthEndpoints" name="test_login_invalid_credentials" time="0.957" /><testcase classname="backend.tests.test_autovista_api.TestAuthEndpoints" name="test_login_nonexistent_user" time="0.984" /><testcase classname="backend.tests.test_autovista_api.TestAuthEndpoints" name="test_register_new_user" time="0.979" /><testcase classname="backend.tests.test_autovista_api.TestAuthEndpoints" name="test_register_duplicate_email" time="0.736" /><testcase classname="backend.tests.test_autovista_api.TestAuthEndpoints" name="test_auth_me_with_token" time="1.637" /><testcase classname="backend.tests.test_autovista_api.TestAuthEndpoints" name="test_auth_me_without_token" time="0.739" /><testcase classname="backend.tests.test_autovista_api.TestAuthEndpoints" name="test_logout" time="1.633" /><testcase classname="backend.tests.test_autovista_api.TestCarsEndpoints" name="test_get_all_cars" time="0.732" /><testcase classname="backend.tests.test_autovista_api.TestCarsEndpoints" name="test_get_cars_filter_by_brand" time="0.756" /><testcase classname="backend.tests.test_autovista_api.TestCarsEndpoints" name="test_get_cars_filter_by_fuel_type" time="0.709" /><testcase classname="backend.tests.test_autovista_api.TestCarsEndpoints" name="test_get_cars_filter_by_price_range" time="0.762" /><testcase classname="backend.tests.test_autovista_api.TestCarsEndpoints" name="test_get_car_by_id" time="0.704" /><testcase classname="backend.tests.test_autovista_api.TestCarsEndpoints" name="test_get_car_invalid_id" time="0.753" /><testcase classname="backend.tests.test_autovista_api.TestCarsEndpoints" name="test_car_data_structure" time="0.721" /><testcase classname="backend.tests.test_autovista_api.TestEMICalculator" name="test_emi_calculation_basic" time="0.750" /><testcase classname="backend.tests.test_autovista_api.TestEMICalculator" name="test_emi_calculation_zero_interest" time="0.781" /><testcase classname="backend.tests.test_autovista_api.TestEMICalculator" name="test_emi_calculation_high_amount" time="0.730" /><testcase classname="backend.tests.test_autovista_api.TestPricePrediction" name="test_price_prediction_basic" time="0.915" /><testcase classname="backend.tests.test_autovista_api.TestPricePrediction" name="test_price_prediction_future_years" time="0.737" /><testcase classname="backend.tests.test_autovista_api.TestPricePrediction" name="test_price_prediction_depreciation" time="0.728" /><testcase classname="backend.tests.test_autovista_api.TestSavedCars" name="test_get_saved_cars_empty" time="1.664" /><testcase classname="backend.tests.test_autovista_api.TestSavedCars" name="test_save_car" time="1.886" /><testcase classname="backend.tests.test_autovista_api.TestSavedCars" name="test_save_and_get_saved_cars" time="2.379" /><testcase classname="backend.tests.test_autovista_api.TestSavedCars" name="test_unsave_car" time="2.403" /><testcase classname="backend.tests.test_autovista_api.TestSavedCars" name="test_saved_cars_requires_auth" time="1.106" /><testcase classname="backend.tests.test_autovista_api.TestSavedCars" name="test_save_car_requires_auth" time="0.709" /><testcase classname="backend.tests.test_autovista_api.TestRecommendations" name="test_recommendations_requires_auth" time="0.695" /><testcase classname="backend.tests.test_autovista_api.TestRecommendations" name="test_recommendation_history" time="1.702" /><testcase classname="backend.tests.test_autovista_api.TestRecommendations" name="test_recommendation_history_requires_auth" time="0.771" /><testcase classname="backend.tests.test_autovista_api.TestDashboardAnalytics" name="test_dashboard_analytics" time="1.749" /><testcase classname="backend.tests.test_autovista_api.TestDashboardAnalytics" name="test_dashboard_analytics_requires_auth" time="0.701" /></testsuite></testsuites>